28.6807 	INFO 	Loaded monitor calibration from ['2025_07_25 22:56']
28.9539 	INFO 	Using renderer 'Apple M1' for graphics
28.9540 	INFO 	OpenGL version supported by driver is 2..
29.0268 	EXP 	Created window1 = Window(allowGUI=False, allowStencil=False, autoLog=True, backendConf=UNKNOWN, backgroundFit=<method-wrapper '__getattribute__' of attributeSetter object at 0x14aaf68c0>, backgroundImage=<method-wrapper '__getattribute__' of attributeSetter object at 0x14aaf6920>, bitsMode=UNKNOWN, blendMode='avg', bpc=(8, 8, 8), color=array([-1., -1., -1.]), colorSpace='rgb', depthBits=8, fullscr=True, gamma=None, gammaErrorPolicy='raise', infoMsg=UNKNOWN, lms=UNKNOWN, monitor=<psychopy.monitors.calibTools.Monitor object at 0x14abf5d50>, multiSample=False, name='window1', numSamples=2, pos=[np.float64(0.0), np.float64(0.0)], screen=0, size=array([2880, 1800]), stencilBits=0, stereo=False, title='PsychoPy', units='height', useFBO=True, useRetina=True, viewOri=0.0, viewPos=None, viewScale=None, waitBlanking=True, winType='pyglet')
29.0269 	EXP 	window1: backgroundImage = ''
29.0269 	EXP 	window1: backgroundFit = 'none'
29.5981 	EXP 	window1: Attempting to measure frame rate of screen (0) ...
29.5981 	EXP 	window1: recordFrameIntervals = False
29.8734 	EXP 	window1: recordFrameIntervals = True
30.4238 	WARNING 	t of last frame was 22.42ms (=1/44)
30.6574 	WARNING 	t of last frame was 23.92ms (=1/41)
30.7621 	WARNING 	Couldn't measure a consistent frame rate!
  - Is your graphics card set to sync to vertical blank?
  - Are you running other processes on your computer?

31.8777 	INFO 	keyboard.Keyboard is using ptb backend.
32.1846 	INFO 	keyboard.Keyboard is using ptb backend.
32.4903 	INFO 	keyboard.Keyboard is using ptb backend.
32.7962 	INFO 	keyboard.Keyboard is using ptb backend.
33.1019 	INFO 	keyboard.Keyboard is using ptb backend.
33.1020 	EXP 	products_online: status = STARTED
33.1618 	EXP 	Created text_welcome = TextStim(__class__=<class 'psychopy.visual.text.TextStim'>, alignHoriz=method-wrapper(...), alignText='center', alignVert=method-wrapper(...), anchorHoriz='center', anchorVert='center', antialias=True, autoDraw=False, autoLog=True, bold=False, color=array([1., 1., 1.]), colorSpace='rgb', contrast=1.0, depth=0.0, draggable=False, flipHoriz=False, flipVert=False, font='Arial', fontFiles=[], height=np.float64(0.05), italic=False, languageStyle='LTR', name='text_welcome', opacity=1, ori=0.0, pos=array([0., 0.]), rgb=UNKNOWN, text=str(...), units='height', win=Window(...), wrapWidth=1)
33.1927 	EXP 	Created text_instructions = TextStim(__class__=<class 'psychopy.visual.text.TextStim'>, alignHoriz=method-wrapper(...), alignText='center', alignVert=method-wrapper(...), anchorHoriz='center', anchorVert='center', antialias=True, autoDraw=False, autoLog=True, bold=False, color=array([1., 1., 1.]), colorSpace='rgb', contrast=1.0, depth=0.0, draggable=False, flipHoriz=False, flipVert=False, font='Arial', fontFiles=[], height=np.float64(0.035), italic=False, languageStyle='LTR', name='text_instructions', opacity=1, ori=0.0, pos=array([0., 0.]), rgb=UNKNOWN, text=str(...), units='height', win=Window(...), wrapWidth=1)
33.1963 	EXP 	Created text_fixation = TextStim(__class__=<class 'psychopy.visual.text.TextStim'>, alignHoriz=method-wrapper(...), alignText='center', alignVert=method-wrapper(...), anchorHoriz='center', anchorVert='center', antialias=True, autoDraw=False, autoLog=True, bold=False, color=array([1., 1., 1.]), colorSpace='rgb', contrast=1.0, depth=0.0, draggable=False, flipHoriz=False, flipVert=False, font='Arial', fontFiles=[], height=np.float64(0.07), italic=False, languageStyle='LTR', name='text_fixation', opacity=1, ori=0.0, pos=array([0., 0.]), rgb=UNKNOWN, text='+', units='height', win=Window(...), wrapWidth=1)
33.2275 	EXP 	Created productImage = ImageStim(__class__=<class 'psychopy.visual.image.ImageStim'>, anchor=('center', 'center'), autoLog=True, color=array([1., 1., 1.]), colorSpace='rgb', contrast=1.0, depth=-1.0, draggable=False, flipHoriz=np.False_, flipVert=np.False_, image='default.png', interpolate=True, mask=None, maskParams=None, name='productImage', opacity=1, ori=0.0, pos=array([0.  , 0.14]), size=array([0.6, 0.6]), texRes=128.0, units='height', win=Window(...))
33.2321 	EXP 	Created questionText = TextStim(__class__=<class 'psychopy.visual.text.TextStim'>, alignHoriz=method-wrapper(...), alignText='center', alignVert=method-wrapper(...), anchorHoriz='center', anchorVert='center', antialias=True, autoDraw=False, autoLog=True, bold=False, color=array([1., 1., 1.]), colorSpace='rgb', contrast=1.0, depth=-2.0, draggable=False, flipHoriz=False, flipVert=False, font='Arial', fontFiles=[], height=np.float64(0.035), italic=False, languageStyle='LTR', name='questionText', opacity=1, ori=0.0, pos=array([ 0.  , -0.22]), rgb=UNKNOWN, text='placeholder', units='height', win=Window(...), wrapWidth=1)
33.2378 	EXP 	Created ratingValueText = TextStim(__class__=<class 'psychopy.visual.text.TextStim'>, alignHoriz=method-wrapper(...), alignText='center', alignVert=method-wrapper(...), anchorHoriz='center', anchorVert='center', antialias=True, autoDraw=False, autoLog=True, bold=False, color=array([1., 1., 1.]), colorSpace='rgb', contrast=1.0, depth=-3.0, draggable=False, flipHoriz=False, flipVert=False, font='Arial', fontFiles=[], height=np.float64(0.028), italic=False, languageStyle='LTR', name='ratingValueText', opacity=1, ori=0.0, pos=array([ 0.  , -0.26]), rgb=UNKNOWN, text='Rating:', units='height', win=Window(...), wrapWidth=1)
33.8255 	EXP 	Created ratingSlider = Slider(__class__=<class 'psychopy.visual.slider.Slider'>, autoDraw=False, autoLog=True, borderColor=None, color=None, colorSpace='rgb', depth=-4, fillColor=None, flip=False, font='Noto Sans', granularity=0.1, labelColor=None, labelHeight=np.float64(0.04), labelWrapWidth=None, labels=[0, 1, 2, 3, 4, 5, 6, 7], lineColor=None, markerColor=None, name='ratingSlider', opacity=None, ori=0.0, pos=array([ 0.  , -0.33]), readOnly=False, self=UNKNOWN, size=array([0.7 , 0.05]), startValue=None, style='slider', styleTweaks=[], ticks=array([0, 1, 2, 3, 4, 5, 6, 7]), units='height', win=Window(...))
33.8269 	EXP 	Created sliderCover = Rect(__class__=<class 'psychopy.visual.rect.Rect'>, anchor=('center', 'center'), autoDraw=False, autoLog=True, closeShape=True, color=method-wrapper(...), colorSpace='rgb', contrast=None, depth=-5.0, draggable=False, fillColor=array([-1., -1., -1.]), fillColorSpace='rgb', fillRGB=array([-1., -1., -1.]), interpolate=True, lineColor=array([-1., -1., -1.]), lineColorSpace='rgb', lineRGB=array([-1, -1, -1]), lineWidth=1.0, name='sliderCover', opacity=1, ori=0.0, pos=array([ 0.  , -0.36]), size=array([0.8 , 0.18]), units='height', vertices=ndarray(...), win=Window(...))
33.8366 	EXP 	Created leftAnchor = TextStim(__class__=<class 'psychopy.visual.text.TextStim'>, alignHoriz=method-wrapper(...), alignText='center', alignVert=method-wrapper(...), anchorHoriz='center', anchorVert='center', antialias=True, autoDraw=False, autoLog=True, bold=False, color=array([1., 1., 1.]), colorSpace='rgb', contrast=1.0, depth=-7.0, draggable=False, flipHoriz=False, flipVert=False, font='Arial', fontFiles=[], height=np.float64(0.021999999999999995), italic=False, languageStyle='LTR', name='leftAnchor', opacity=1, ori=0.0, pos=array([-0.35, -0.44]), rgb=UNKNOWN, text='Not at all', units='height', win=Window(...), wrapWidth=1)
33.8423 	EXP 	Created rightAnchor = TextStim(__class__=<class 'psychopy.visual.text.TextStim'>, alignHoriz=method-wrapper(...), alignText='center', alignVert=method-wrapper(...), anchorHoriz='center', anchorVert='center', antialias=True, autoDraw=False, autoLog=True, bold=False, color=array([1., 1., 1.]), colorSpace='rgb', contrast=1.0, depth=-8.0, draggable=False, flipHoriz=False, flipVert=False, font='Arial', fontFiles=[], height=np.float64(0.021999999999999995), italic=False, languageStyle='LTR', name='rightAnchor', opacity=1, ori=0.0, pos=array([ 0.35, -0.44]), rgb=UNKNOWN, text='Very much', units='height', win=Window(...), wrapWidth=1)
33.8507 	EXP 	Created warningText = TextStim(__class__=<class 'psychopy.visual.text.TextStim'>, alignHoriz=method-wrapper(...), alignText='center', alignVert=method-wrapper(...), anchorHoriz='center', anchorVert='center', antialias=True, autoDraw=False, autoLog=True, bold=False, color=array([ 1., -1., -1.]), colorSpace='rgb', contrast=1.0, depth=-9.0, draggable=False, flipHoriz=False, flipVert=False, font='Arial', fontFiles=[], height=np.float64(0.05), italic=False, languageStyle='LTR', name='warningText', opacity=1, ori=0.0, pos=array([0., 0.]), rgb=UNKNOWN, text='Please answer before 8 seconds', units='height', win=Window(...), wrapWidth=1)
33.8634 	EXP 	Created memoryQuestion = TextStim(__class__=<class 'psychopy.visual.text.TextStim'>, alignHoriz=method-wrapper(...), alignText='center', alignVert=method-wrapper(...), anchorHoriz='center', anchorVert='center', antialias=True, autoDraw=False, autoLog=True, bold=False, color=array([1., 1., 1.]), colorSpace='rgb', contrast=1.0, depth=-1.0, draggable=False, flipHoriz=False, flipVert=False, font='Arial', fontFiles=[], height=np.float64(0.05), italic=False, languageStyle='LTR', name='memoryQuestion', opacity=1, ori=0.0, pos=array([0. , 0.2]), rgb=UNKNOWN, text=str(...), units='height', win=Window(...), wrapWidth=1)
33.8662 	EXP 	Created opt1Text = TextStim(__class__=<class 'psychopy.visual.text.TextStim'>, alignHoriz=method-wrapper(...), alignText='center', alignVert=method-wrapper(...), anchorHoriz='center', anchorVert='center', antialias=True, autoDraw=False, autoLog=True, bold=False, color=array([1., 1., 1.]), colorSpace='rgb', contrast=1.0, depth=-2.0, draggable=False, flipHoriz=False, flipVert=False, font='Arial', fontFiles=[], height=np.float64(0.03), italic=False, languageStyle='LTR', name='opt1Text', opacity=1, ori=0.0, pos=array([0.  , 0.05]), rgb=UNKNOWN, text='1', units='height', win=Window(...), wrapWidth=1)
33.8690 	EXP 	Created opt2Text = TextStim(__class__=<class 'psychopy.visual.text.TextStim'>, alignHoriz=method-wrapper(...), alignText='center', alignVert=method-wrapper(...), anchorHoriz='center', anchorVert='center', antialias=True, autoDraw=False, autoLog=True, bold=False, color=array([1., 1., 1.]), colorSpace='rgb', contrast=1.0, depth=-3.0, draggable=False, flipHoriz=False, flipVert=False, font='Arial', fontFiles=[], height=np.float64(0.03), italic=False, languageStyle='LTR', name='opt2Text', opacity=1, ori=0.0, pos=array([ 0.  , -0.05]), rgb=UNKNOWN, text='2', units='height', win=Window(...), wrapWidth=1)
33.8713 	EXP 	Created opt3Text = TextStim(__class__=<class 'psychopy.visual.text.TextStim'>, alignHoriz=method-wrapper(...), alignText='center', alignVert=method-wrapper(...), anchorHoriz='center', anchorVert='center', antialias=True, autoDraw=False, autoLog=True, bold=False, color=array([1., 1., 1.]), colorSpace='rgb', contrast=1.0, depth=-4.0, draggable=False, flipHoriz=False, flipVert=False, font='Arial', fontFiles=[], height=np.float64(0.03), italic=False, languageStyle='LTR', name='opt3Text', opacity=1, ori=0.0, pos=array([ 0.  , -0.15]), rgb=UNKNOWN, text='3', units='height', win=Window(...), wrapWidth=1)
33.8798 	EXP 	Created endText = TextStim(__class__=<class 'psychopy.visual.text.TextStim'>, alignHoriz=method-wrapper(...), alignText='center', alignVert=method-wrapper(...), anchorHoriz='center', anchorVert='center', antialias=True, autoDraw=False, autoLog=True, bold=False, color=array([1., 1., 1.]), colorSpace='rgb', contrast=1.0, depth=0.0, draggable=False, flipHoriz=False, flipVert=False, font='Arial', fontFiles=[], height=np.float64(0.05), italic=False, languageStyle='LTR', name='endText', opacity=1, ori=0.0, pos=array([0., 0.]), rgb=UNKNOWN, text='Thank you!\nPress SPACE to exit.', units='height', win=Window(...), wrapWidth=1)
0.0114 	EXP 	ratingSlider: autoLog = True
0.0114 	EXP 	ratingSlider: styleTweaks = []
0.0114 	EXP 	ratingSlider: styleTweaks = []
0.0114 	EXP 	ratingSlider: styleTweaks = []
0.0114 	EXP 	ratingSlider: styleTweaks = []
0.0114 	EXP 	ratingSlider: contrast = 1.0
0.0114 	EXP 	ratingSlider: markerPos = None
0.0114 	EXP 	ratingSlider: autoLog = True
0.0290 	INFO 	Keyboard events cleared
0.0289 	EXP 	text_welcome: autoDraw = True
0.8034 	EXP 	Device response: <KeyPress from None: t=0.3810681670001941, value=space, duration=None>
0.8037 	EXP 	Device response: <KeyPress from None: t=0.3810681670001941, value=space, duration=0.10453920799955085>
0.8170 	DATA 	Keypress: space
0.8249 	INFO 	Keyboard events cleared
0.8248 	WARNING 	t of last frame was 431.54ms (=1/2)
0.8248 	EXP 	text_welcome: autoDraw = False
0.8248 	EXP 	text_instructions: autoDraw = True
1.1787 	EXP 	Device response: <KeyPress from None: t=1.175169874999483, value=space, duration=None>
1.2091 	EXP 	Imported image_table.csv as conditions, 39 conditions, 3 params
1.2129 	EXP 	Imported image_table.csv as conditions, 39 conditions, 3 params
1.2169 	EXP 	New trial (rep=0, index=0): <Trial 0 (0 in rep 0) data={'product_id': 'TimTam', 'version': 'original', 'image_path': 'taste&health/TimTam_original.png', 'thisN': 0, 'thisTrialN': 0, 'thisRepN': 0}>
1.2225 	DATA 	Keypress: space
1.2282 	WARNING 	t of last frame was 51.22ms (=1/19)
1.2282 	EXP 	text_instructions: autoDraw = False
1.2282 	EXP 	text_fixation: autoDraw = True
1.2666 	EXP 	Device response: <KeyPress from None: t=1.175169874999483, value=space, duration=0.08823870900050679>
1.7384 	INFO 	saved data to /Users/valentinaparada/Documents/experiemnt/data/ee/ee_products_online_2026-03-16.psydat
1.7390 	INFO 	saved data to '/Users/valentinaparada/Documents/experiemnt/data/ee/ee_products_online_2026-03-16.csv'
1.7468 	WARNING 	Stopping key buffers but this could be dangerous ifother keyboards rely on the same.
1.7468 	WARNING 	Stopping key buffers but this could be dangerous ifother keyboards rely on the same.
1.7469 	WARNING 	Stopping key buffers but this could be dangerous ifother keyboards rely on the same.
1.7469 	WARNING 	Stopping key buffers but this could be dangerous ifother keyboards rely on the same.
1.7469 	WARNING 	Stopping key buffers but this could be dangerous ifother keyboards rely on the same.
